<?xml version="1.0" encoding="UTF-8"?>

<testsuite name="lse.math.games.builder.model.MoveTest" tests="2" failures="0" errors="0" skipped="0" time="0,005" hostname="ALFONGJ-PORT" timestamp="2011-06-03T21:57:48">
  <testcase classname="lse.math.games.builder.model::MoveTest" name="testProbPropertyAssignment" time="0,004"/>
  <testcase classname="lse.math.games.builder.model::MoveTest" name="testProbLabelAssignment" time="0,001"/>
</testsuite>
