<?xml version="1.0" encoding="UTF-8"?>

<testsuite name="lse.math.games.builder.model.OutcomeTest" tests="1" failures="0" errors="0" skipped="0" time="0,001" hostname="ALFONGJ-PORT" timestamp="2011-06-03T21:57:48">
  <testcase classname="lse.math.games.builder.model::OutcomeTest" name="testAddPays" time="0,001"/>
</testsuite>
