<?xml version="1.0" encoding="UTF-8"?>

<testsuite name="lse.math.games.builder.model.IsetTest" tests="2" failures="0" errors="0" skipped="0" time="0,004" hostname="ALFONGJ-PORT" timestamp="2011-06-03T21:57:48">
  <testcase classname="lse.math.games.builder.model::IsetTest" name="testSimpleMerge" time="0,004"/>
  <testcase classname="lse.math.games.builder.model::IsetTest" name="testHasPerfectRecall" time="0,000"/>
</testsuite>
